<?xml version="1.0" encoding="UTF-8"?>
<!-- Generated by org.testng.reporters.JUnitReportReporter -->
<testsuite hostname="DESKTOP-59HQ26K" failures="0" tests="1" name="testCases.TC002_LoginTest" time="2.226" errors="0" timestamp="2024-11-28T20:29:07 IST" skipped="0">
  <testcase classname="testCases.TC002_LoginTest" name="verifyLogin" time="2.226"/>
</testsuite> <!-- testCases.TC002_LoginTest -->
