<?xml version="1.0" encoding="UTF-8"?>
<!-- Generated by org.testng.reporters.JUnitReportReporter -->
<testsuite hostname="DESKTOP-59HQ26K" failures="0" tests="1" name="testCases.TC002_LoginTest" time="4.625" errors="0" timestamp="2024-11-30T21:00:12 IST" skipped="0">
  <testcase classname="testCases.TC002_LoginTest" name="verifyLogin" time="4.625"/>
</testsuite> <!-- testCases.TC002_LoginTest -->
