<?xml version="1.0" encoding="UTF-8"?>
<!-- Generated by org.testng.reporters.JUnitReportReporter -->
<testsuite hostname="DESKTOP-59HQ26K" failures="0" tests="1" name="testCases.TC001_AccountRegistrationTest" time="5.691" errors="0" timestamp="2024-11-30T21:00:12 IST" skipped="0">
  <testcase classname="testCases.TC001_AccountRegistrationTest" name="verify_account_registration" time="5.691"/>
</testsuite> <!-- testCases.TC001_AccountRegistrationTest -->
